<?xml version="1.0" encoding="UTF-8"?>
<testsuite name="testing.MetricsTest" tests="2" skipped="0" failures="0" errors="0" timestamp="2017-11-08T21:18:26" hostname="brain" time="0.025">
  <properties/>
  <testcase name="printMethodName" classname="testing.MetricsTest" time="0.0"/>
  <testcase name="gatherPerformance" classname="testing.MetricsTest" time="0.023"/>
  <system-out><![CDATA[Used memory in megabytes: 2.166245 
]]></system-out>
  <system-err><![CDATA[]]></system-err>
</testsuite>
