<?xml version="1.0" encoding="UTF-8"?>
<testsuite name="testing.MetricsTest" tests="2" skipped="0" failures="0" errors="0" timestamp="2017-11-08T19:52:20" hostname="brain" time="0.042">
  <properties/>
  <testcase name="printMethodName" classname="testing.MetricsTest" time="0.002"/>
  <testcase name="gatherPerformance" classname="testing.MetricsTest" time="0.04"/>
  <system-out><![CDATA[Used memory in megabytes: 2.605232 
]]></system-out>
  <system-err><![CDATA[]]></system-err>
</testsuite>
