<?xml version="1.0" encoding="UTF-8"?>
<testsuite name="testing.WordsHandlerTest" tests="2" skipped="0" failures="0" errors="0" timestamp="2017-11-08T21:18:26" hostname="brain" time="0.161">
  <properties/>
  <testcase name="getWordsFromFile" classname="testing.WordsHandlerTest" time="0.07"/>
  <testcase name="testFindConcatenatedWords" classname="testing.WordsHandlerTest" time="0.09"/>
  <system-out><![CDATA[getWordsFromFile has executed.
Used memory in megabytes: 2.172409 
The runtime of method getWordsFromFile() is 32 ms

findConcatenatedWords has executed.
Used memory in megabytes: 2.173355 
The runtime of method findConcatenatedWords() is 28 ms

getWordsFromFile has executed.
Used memory in megabytes: 2.227638 
The runtime of method getWordsFromFile() is 33 ms

findConcatenatedWords has executed.
Used memory in megabytes: 2.180862 
The runtime of method findConcatenatedWords() is 42 ms

findConcatenatedWords has executed.
Used memory in megabytes: 2.181320 
The runtime of method findConcatenatedWords() is 15 ms

]]></system-out>
  <system-err><![CDATA[]]></system-err>
</testsuite>
